  BackGround.cpp
C:\Users\PC\Desktop\Jusin_Project\DrakenGard3_Project_Git\Reference\Public\BrainTree\BrainTree.h(441,1): warning C4267: '=': 'size_t'에서 'int'(으)로 변환하면서 데이터가 손실될 수 있습니다.
C:\Users\PC\Desktop\Jusin_Project\DrakenGard3_Project_Git\Reference\Public\BrainTree\BrainTree.h(448,1): warning C4267: '=': 'size_t'에서 'int'(으)로 변환하면서 데이터가 손실될 수 있습니다.
  Level_GamePlay.cpp
C:\Users\PC\Desktop\Jusin_Project\DrakenGard3_Project_Git\Reference\Public\BrainTree\BrainTree.h(441,1): warning C4267: '=': 'size_t'에서 'int'(으)로 변환하면서 데이터가 손실될 수 있습니다.
C:\Users\PC\Desktop\Jusin_Project\DrakenGard3_Project_Git\Reference\Public\BrainTree\BrainTree.h(448,1): warning C4267: '=': 'size_t'에서 'int'(으)로 변환하면서 데이터가 손실될 수 있습니다.
  Level_Loading.cpp
C:\Users\PC\Desktop\Jusin_Project\DrakenGard3_Project_Git\Reference\Public\BrainTree\BrainTree.h(441,1): warning C4267: '=': 'size_t'에서 'int'(으)로 변환하면서 데이터가 손실될 수 있습니다.
C:\Users\PC\Desktop\Jusin_Project\DrakenGard3_Project_Git\Reference\Public\BrainTree\BrainTree.h(448,1): warning C4267: '=': 'size_t'에서 'int'(으)로 변환하면서 데이터가 손실될 수 있습니다.
  Level_Logo.cpp
C:\Users\PC\Desktop\Jusin_Project\DrakenGard3_Project_Git\Reference\Public\BrainTree\BrainTree.h(441,1): warning C4267: '=': 'size_t'에서 'int'(으)로 변환하면서 데이터가 손실될 수 있습니다.
C:\Users\PC\Desktop\Jusin_Project\DrakenGard3_Project_Git\Reference\Public\BrainTree\BrainTree.h(448,1): warning C4267: '=': 'size_t'에서 'int'(으)로 변환하면서 데이터가 손실될 수 있습니다.
  Loader.cpp
C:\Users\PC\Desktop\Jusin_Project\DrakenGard3_Project_Git\Reference\Public\BrainTree\BrainTree.h(441,1): warning C4267: '=': 'size_t'에서 'int'(으)로 변환하면서 데이터가 손실될 수 있습니다.
C:\Users\PC\Desktop\Jusin_Project\DrakenGard3_Project_Git\Reference\Public\BrainTree\BrainTree.h(448,1): warning C4267: '=': 'size_t'에서 'int'(으)로 변환하면서 데이터가 손실될 수 있습니다.
  MainApp.cpp
C:\Users\PC\Desktop\Jusin_Project\DrakenGard3_Project_Git\Reference\Public\BrainTree\BrainTree.h(441,1): warning C4267: '=': 'size_t'에서 'int'(으)로 변환하면서 데이터가 손실될 수 있습니다.
C:\Users\PC\Desktop\Jusin_Project\DrakenGard3_Project_Git\Reference\Public\BrainTree\BrainTree.h(448,1): warning C4267: '=': 'size_t'에서 'int'(으)로 변환하면서 데이터가 손실될 수 있습니다.
  Client.cpp
C:\Users\PC\Desktop\Jusin_Project\DrakenGard3_Project_Git\Reference\Public\BrainTree\BrainTree.h(441,1): warning C4267: '=': 'size_t'에서 'int'(으)로 변환하면서 데이터가 손실될 수 있습니다.
C:\Users\PC\Desktop\Jusin_Project\DrakenGard3_Project_Git\Reference\Public\BrainTree\BrainTree.h(448,1): warning C4267: '=': 'size_t'에서 'int'(으)로 변환하면서 데이터가 손실될 수 있습니다.
  코드를 생성하고 있습니다.
  Previous IPDB and IOBJ mismatch, fall back to full compilation.
  All 161 functions were compiled because no usable IPDB/IOBJ from previous compilation was found.
  코드를 생성했습니다.
  Client.vcxproj -> C:\Users\PC\Desktop\Jusin_Project\DrakenGard3_Project_Git\Client\Bin\Client.exe
