  unity_WN2K25NRNI341NMI.cpp
C:\Users\PC\Desktop\Jusin_Project\DrakenGard3_Project_Git\Engine\Public\BrainTree\BrainTree.h(441,1): warning C4267: '=': 'size_t'에서 'int'(으)로 변환하면서 데이터가 손실될 수 있습니다.
C:\Users\PC\Desktop\Jusin_Project\DrakenGard3_Project_Git\Engine\Public\BrainTree\BrainTree.h(448,1): warning C4267: '=': 'size_t'에서 'int'(으)로 변환하면서 데이터가 손실될 수 있습니다.
C:\Users\PC\Desktop\Jusin_Project\DrakenGard3_Project_Git\Engine\Private\Shader.cpp(45,58): warning C4267: '인수': 'size_t'에서 'uint32_t'(으)로 변환하면서 데이터가 손실될 수 있습니다.
     ..\Bin\Engine.lib 라이브러리 및 ..\Bin\Engine.exp 개체를 생성하고 있습니다.
  코드를 생성하고 있습니다.
  1146 of 1153 functions (99.4%) were compiled, the rest were copied from previous compilation.
    0 functions were new in current compilation
    2 functions had inline decision re-evaluated but remain unchanged
  코드를 생성했습니다.
  Engine.vcxproj -> C:\Users\PC\Desktop\Jusin_Project\DrakenGard3_Project_Git\Engine\Bin\Engine.dll
  C:\Users\PC\Desktop\Jusin_Project\DrakenGard3_Project_Git\Engine\Public\Base.h
  C:\Users\PC\Desktop\Jusin_Project\DrakenGard3_Project_Git\Engine\Public\BehaviorTree.h
  C:\Users\PC\Desktop\Jusin_Project\DrakenGard3_Project_Git\Engine\Public\Camera.h
  C:\Users\PC\Desktop\Jusin_Project\DrakenGard3_Project_Git\Engine\Public\Component.h
  C:\Users\PC\Desktop\Jusin_Project\DrakenGard3_Project_Git\Engine\Public\Component_Manager.h
  C:\Users\PC\Desktop\Jusin_Project\DrakenGard3_Project_Git\Engine\Public\Engine_Defines.h
  C:\Users\PC\Desktop\Jusin_Project\DrakenGard3_Project_Git\Engine\Public\Engine_Function.h
  C:\Users\PC\Desktop\Jusin_Project\DrakenGard3_Project_Git\Engine\Public\Engine_Macro.h
  C:\Users\PC\Desktop\Jusin_Project\DrakenGard3_Project_Git\Engine\Public\Engine_Struct.h
  C:\Users\PC\Desktop\Jusin_Project\DrakenGard3_Project_Git\Engine\Public\Engine_Typedef.h
  C:\Users\PC\Desktop\Jusin_Project\DrakenGard3_Project_Git\Engine\Public\GameInstance.h
  C:\Users\PC\Desktop\Jusin_Project\DrakenGard3_Project_Git\Engine\Public\GameObject.h
  C:\Users\PC\Desktop\Jusin_Project\DrakenGard3_Project_Git\Engine\Public\Graphic_Device.h
  C:\Users\PC\Desktop\Jusin_Project\DrakenGard3_Project_Git\Engine\Public\Layer.h
  C:\Users\PC\Desktop\Jusin_Project\DrakenGard3_Project_Git\Engine\Public\Level.h
  C:\Users\PC\Desktop\Jusin_Project\DrakenGard3_Project_Git\Engine\Public\Level_Manager.h
  C:\Users\PC\Desktop\Jusin_Project\DrakenGard3_Project_Git\Engine\Public\Object_Manager.h
  C:\Users\PC\Desktop\Jusin_Project\DrakenGard3_Project_Git\Engine\Public\Renderer.h
  C:\Users\PC\Desktop\Jusin_Project\DrakenGard3_Project_Git\Engine\Public\Shader.h
  C:\Users\PC\Desktop\Jusin_Project\DrakenGard3_Project_Git\Engine\Public\Texture.h
  C:\Users\PC\Desktop\Jusin_Project\DrakenGard3_Project_Git\Engine\Public\Timer.h
  C:\Users\PC\Desktop\Jusin_Project\DrakenGard3_Project_Git\Engine\Public\Timer_Manager.h
  C:\Users\PC\Desktop\Jusin_Project\DrakenGard3_Project_Git\Engine\Public\Transform.h
  C:\Users\PC\Desktop\Jusin_Project\DrakenGard3_Project_Git\Engine\Public\VIBuffer.h
  C:\Users\PC\Desktop\Jusin_Project\DrakenGard3_Project_Git\Engine\Public\VIBuffer_Rect.h
  C:\Users\PC\Desktop\Jusin_Project\DrakenGard3_Project_Git\Engine\Public\BrainTree\BrainTree.h
  C:\Users\PC\Desktop\Jusin_Project\DrakenGard3_Project_Git\Engine\Public\BrainTree\LICENSE
  C:\Users\PC\Desktop\Jusin_Project\DrakenGard3_Project_Git\Engine\Public\BrainTree\README.md
  C:\Users\PC\Desktop\Jusin_Project\DrakenGard3_Project_Git\Engine\Public\BrainTree\example\Example01_Simple.cpp
  C:\Users\PC\Desktop\Jusin_Project\DrakenGard3_Project_Git\Engine\Public\BrainTree\example\Example02_Simple.cpp
  C:\Users\PC\Desktop\Jusin_Project\DrakenGard3_Project_Git\Engine\Public\DirectXTK\Audio.h
  C:\Users\PC\Desktop\Jusin_Project\DrakenGard3_Project_Git\Engine\Public\DirectXTK\CommonStates.h
  C:\Users\PC\Desktop\Jusin_Project\DrakenGard3_Project_Git\Engine\Public\DirectXTK\DDSTextureLoader.h
  C:\Users\PC\Desktop\Jusin_Project\DrakenGard3_Project_Git\Engine\Public\DirectXTK\DirectXHelpers.h
  C:\Users\PC\Desktop\Jusin_Project\DrakenGard3_Project_Git\Engine\Public\DirectXTK\Effects.h
  C:\Users\PC\Desktop\Jusin_Project\DrakenGard3_Project_Git\Engine\Public\DirectXTK\GamePad.h
  C:\Users\PC\Desktop\Jusin_Project\DrakenGard3_Project_Git\Engine\Public\DirectXTK\GeometricPrimitive.h
  C:\Users\PC\Desktop\Jusin_Project\DrakenGard3_Project_Git\Engine\Public\DirectXTK\GraphicsMemory.h
  C:\Users\PC\Desktop\Jusin_Project\DrakenGard3_Project_Git\Engine\Public\DirectXTK\Keyboard.h
  C:\Users\PC\Desktop\Jusin_Project\DrakenGard3_Project_Git\Engine\Public\DirectXTK\Model.h
  C:\Users\PC\Desktop\Jusin_Project\DrakenGard3_Project_Git\Engine\Public\DirectXTK\Mouse.h
  C:\Users\PC\Desktop\Jusin_Project\DrakenGard3_Project_Git\Engine\Public\DirectXTK\PostProcess.h
  C:\Users\PC\Desktop\Jusin_Project\DrakenGard3_Project_Git\Engine\Public\DirectXTK\PrimitiveBatch.h
  C:\Users\PC\Desktop\Jusin_Project\DrakenGard3_Project_Git\Engine\Public\DirectXTK\ScreenGrab.h
  C:\Users\PC\Desktop\Jusin_Project\DrakenGard3_Project_Git\Engine\Public\DirectXTK\SimpleMath.h
  C:\Users\PC\Desktop\Jusin_Project\DrakenGard3_Project_Git\Engine\Public\DirectXTK\SimpleMath.inl
  C:\Users\PC\Desktop\Jusin_Project\DrakenGard3_Project_Git\Engine\Public\DirectXTK\SpriteBatch.h
  C:\Users\PC\Desktop\Jusin_Project\DrakenGard3_Project_Git\Engine\Public\DirectXTK\SpriteFont.h
  C:\Users\PC\Desktop\Jusin_Project\DrakenGard3_Project_Git\Engine\Public\DirectXTK\VertexTypes.h
  C:\Users\PC\Desktop\Jusin_Project\DrakenGard3_Project_Git\Engine\Public\DirectXTK\WICTextureLoader.h
  C:\Users\PC\Desktop\Jusin_Project\DrakenGard3_Project_Git\Engine\Public\DirectXTK\XboxDDSTextureLoader.h
  C:\Users\PC\Desktop\Jusin_Project\DrakenGard3_Project_Git\Engine\Public\Effects11\d3dx11effect.h
  C:\Users\PC\Desktop\Jusin_Project\DrakenGard3_Project_Git\Engine\Public\Effects11\d3dxGlobal.h
  C:\Users\PC\Desktop\Jusin_Project\DrakenGard3_Project_Git\Engine\Public\rapidjson\allocators.h
  C:\Users\PC\Desktop\Jusin_Project\DrakenGard3_Project_Git\Engine\Public\rapidjson\cursorstreamwrapper.h
  C:\Users\PC\Desktop\Jusin_Project\DrakenGard3_Project_Git\Engine\Public\rapidjson\document.h
  C:\Users\PC\Desktop\Jusin_Project\DrakenGard3_Project_Git\Engine\Public\rapidjson\encodedstream.h
  C:\Users\PC\Desktop\Jusin_Project\DrakenGard3_Project_Git\Engine\Public\rapidjson\encodings.h
  C:\Users\PC\Desktop\Jusin_Project\DrakenGard3_Project_Git\Engine\Public\rapidjson\filereadstream.h
  C:\Users\PC\Desktop\Jusin_Project\DrakenGard3_Project_Git\Engine\Public\rapidjson\filewritestream.h
  C:\Users\PC\Desktop\Jusin_Project\DrakenGard3_Project_Git\Engine\Public\rapidjson\fwd.h
  C:\Users\PC\Desktop\Jusin_Project\DrakenGard3_Project_Git\Engine\Public\rapidjson\istreamwrapper.h
  C:\Users\PC\Desktop\Jusin_Project\DrakenGard3_Project_Git\Engine\Public\rapidjson\memorybuffer.h
  C:\Users\PC\Desktop\Jusin_Project\DrakenGard3_Project_Git\Engine\Public\rapidjson\memorystream.h
  C:\Users\PC\Desktop\Jusin_Project\DrakenGard3_Project_Git\Engine\Public\rapidjson\ostreamwrapper.h
  C:\Users\PC\Desktop\Jusin_Project\DrakenGard3_Project_Git\Engine\Public\rapidjson\pointer.h
  C:\Users\PC\Desktop\Jusin_Project\DrakenGard3_Project_Git\Engine\Public\rapidjson\prettywriter.h
  C:\Users\PC\Desktop\Jusin_Project\DrakenGard3_Project_Git\Engine\Public\rapidjson\rapidjson.h
  C:\Users\PC\Desktop\Jusin_Project\DrakenGard3_Project_Git\Engine\Public\rapidjson\reader.h
  C:\Users\PC\Desktop\Jusin_Project\DrakenGard3_Project_Git\Engine\Public\rapidjson\schema.h
  C:\Users\PC\Desktop\Jusin_Project\DrakenGard3_Project_Git\Engine\Public\rapidjson\stream.h
  C:\Users\PC\Desktop\Jusin_Project\DrakenGard3_Project_Git\Engine\Public\rapidjson\stringbuffer.h
  C:\Users\PC\Desktop\Jusin_Project\DrakenGard3_Project_Git\Engine\Public\rapidjson\uri.h
  C:\Users\PC\Desktop\Jusin_Project\DrakenGard3_Project_Git\Engine\Public\rapidjson\writer.h
  C:\Users\PC\Desktop\Jusin_Project\DrakenGard3_Project_Git\Engine\Public\rapidjson\error\en.h
  C:\Users\PC\Desktop\Jusin_Project\DrakenGard3_Project_Git\Engine\Public\rapidjson\error\error.h
  C:\Users\PC\Desktop\Jusin_Project\DrakenGard3_Project_Git\Engine\Public\rapidjson\internal\biginteger.h
  C:\Users\PC\Desktop\Jusin_Project\DrakenGard3_Project_Git\Engine\Public\rapidjson\internal\clzll.h
  C:\Users\PC\Desktop\Jusin_Project\DrakenGard3_Project_Git\Engine\Public\rapidjson\internal\diyfp.h
  C:\Users\PC\Desktop\Jusin_Project\DrakenGard3_Project_Git\Engine\Public\rapidjson\internal\dtoa.h
  C:\Users\PC\Desktop\Jusin_Project\DrakenGard3_Project_Git\Engine\Public\rapidjson\internal\ieee754.h
  C:\Users\PC\Desktop\Jusin_Project\DrakenGard3_Project_Git\Engine\Public\rapidjson\internal\itoa.h
  C:\Users\PC\Desktop\Jusin_Project\DrakenGard3_Project_Git\Engine\Public\rapidjson\internal\meta.h
  C:\Users\PC\Desktop\Jusin_Project\DrakenGard3_Project_Git\Engine\Public\rapidjson\internal\pow10.h
  C:\Users\PC\Desktop\Jusin_Project\DrakenGard3_Project_Git\Engine\Public\rapidjson\internal\regex.h
  C:\Users\PC\Desktop\Jusin_Project\DrakenGard3_Project_Git\Engine\Public\rapidjson\internal\stack.h
  C:\Users\PC\Desktop\Jusin_Project\DrakenGard3_Project_Git\Engine\Public\rapidjson\internal\strfunc.h
  C:\Users\PC\Desktop\Jusin_Project\DrakenGard3_Project_Git\Engine\Public\rapidjson\internal\strtod.h
  C:\Users\PC\Desktop\Jusin_Project\DrakenGard3_Project_Git\Engine\Public\rapidjson\internal\swap.h
  C:\Users\PC\Desktop\Jusin_Project\DrakenGard3_Project_Git\Engine\Public\rapidjson\msinttypes\inttypes.h
  C:\Users\PC\Desktop\Jusin_Project\DrakenGard3_Project_Git\Engine\Public\rapidjson\msinttypes\stdint.h
  91개 파일이 복사되었습니다.
  ..\Bin\Engine.lib
  1개 파일이 복사되었습니다.
  ..\Bin\Engine.dll
  1개 파일이 복사되었습니다.
  ..\Bin\Engine.dll
  1개 파일이 복사되었습니다.
