c:\users\pc\desktop\jusin_project\drakengard3_project_git\engine\default\x64\release\vc142.pdb
c:\users\pc\desktop\jusin_project\drakengard3_project_git\engine\default\x64\release\vibuffer.obj
c:\users\pc\desktop\jusin_project\drakengard3_project_git\engine\default\x64\release\transform.obj
c:\users\pc\desktop\jusin_project\drakengard3_project_git\engine\default\x64\release\gameinstance.obj
c:\users\pc\desktop\jusin_project\drakengard3_project_git\engine\default\x64\release\component_manager.obj
c:\users\pc\desktop\jusin_project\drakengard3_project_git\engine\default\x64\release\base.obj
c:\users\pc\desktop\jusin_project\drakengard3_project_git\engine\default\x64\release\timer_manager.obj
c:\users\pc\desktop\jusin_project\drakengard3_project_git\engine\default\x64\release\timer.obj
c:\users\pc\desktop\jusin_project\drakengard3_project_git\engine\default\x64\release\texture.obj
c:\users\pc\desktop\jusin_project\drakengard3_project_git\engine\default\x64\release\shader.obj
c:\users\pc\desktop\jusin_project\drakengard3_project_git\engine\default\x64\release\renderer.obj
c:\users\pc\desktop\jusin_project\drakengard3_project_git\engine\default\x64\release\object_manager.obj
c:\users\pc\desktop\jusin_project\drakengard3_project_git\engine\default\x64\release\level_manager.obj
c:\users\pc\desktop\jusin_project\drakengard3_project_git\engine\default\x64\release\level.obj
c:\users\pc\desktop\jusin_project\drakengard3_project_git\engine\default\x64\release\layer.obj
c:\users\pc\desktop\jusin_project\drakengard3_project_git\engine\default\x64\release\graphic_device.obj
c:\users\pc\desktop\jusin_project\drakengard3_project_git\engine\default\x64\release\gameobject.obj
c:\users\pc\desktop\jusin_project\drakengard3_project_git\engine\default\x64\release\engine_struct.obj
c:\users\pc\desktop\jusin_project\drakengard3_project_git\engine\default\x64\release\component.obj
c:\users\pc\desktop\jusin_project\drakengard3_project_git\engine\default\x64\release\camera.obj
c:\users\pc\desktop\jusin_project\drakengard3_project_git\engine\default\x64\release\behaviortree.obj
c:\users\pc\desktop\jusin_project\drakengard3_project_git\engine\default\x64\release\vibuffer_rect.obj
c:\users\pc\desktop\jusin_project\drakengard3_project_git\engine\bin\engine.lib
c:\users\pc\desktop\jusin_project\drakengard3_project_git\engine\bin\engine.exp
c:\users\pc\desktop\jusin_project\drakengard3_project_git\engine\bin\engine.dll
c:\users\pc\desktop\jusin_project\drakengard3_project_git\engine\default\x64\release\engine.ipdb
c:\users\pc\desktop\jusin_project\drakengard3_project_git\engine\default\x64\release\engine.iobj
c:\users\pc\desktop\jusin_project\drakengard3_project_git\engine\bin\engine.pdb
c:\users\pc\desktop\jusin_project\drakengard3_project_git\engine\default\x64\release\engine.tlog\cl.command.1.tlog
c:\users\pc\desktop\jusin_project\drakengard3_project_git\engine\default\x64\release\engine.tlog\cl.read.1.tlog
c:\users\pc\desktop\jusin_project\drakengard3_project_git\engine\default\x64\release\engine.tlog\cl.write.1.tlog
c:\users\pc\desktop\jusin_project\drakengard3_project_git\engine\default\x64\release\engine.tlog\engine.write.1u.tlog
c:\users\pc\desktop\jusin_project\drakengard3_project_git\engine\default\x64\release\engine.tlog\link.command.1.tlog
c:\users\pc\desktop\jusin_project\drakengard3_project_git\engine\default\x64\release\engine.tlog\link.delete.1.tlog
c:\users\pc\desktop\jusin_project\drakengard3_project_git\engine\default\x64\release\engine.tlog\link.read.1.tlog
c:\users\pc\desktop\jusin_project\drakengard3_project_git\engine\default\x64\release\engine.tlog\link.write.1.tlog
