c:\users\pc\desktop\jusin_project\drakengard3_project_git\client\default\x64\debug\client.pch
c:\users\pc\desktop\jusin_project\drakengard3_project_git\client\default\x64\debug\vc142.pdb
c:\users\pc\desktop\jusin_project\drakengard3_project_git\client\default\x64\debug\vc142.idb
c:\users\pc\desktop\jusin_project\drakengard3_project_git\client\default\x64\debug\stdafx.obj
c:\users\pc\desktop\jusin_project\drakengard3_project_git\client\bin\shader_vtxpostex.cso
c:\users\pc\desktop\jusin_project\drakengard3_project_git\client\default\x64\debug\client.ilk
c:\users\pc\desktop\jusin_project\drakengard3_project_git\client\bin\client.exe
c:\users\pc\desktop\jusin_project\drakengard3_project_git\client\bin\client.pdb
c:\users\pc\desktop\jusin_project\drakengard3_project_git\client\default\x64\debug\client.res
c:\users\pc\desktop\jusin_project\drakengard3_project_git\client\default\x64\debug\client.tlog\cl.command.1.tlog
c:\users\pc\desktop\jusin_project\drakengard3_project_git\client\default\x64\debug\client.tlog\cl.read.1.tlog
c:\users\pc\desktop\jusin_project\drakengard3_project_git\client\default\x64\debug\client.tlog\cl.write.1.tlog
c:\users\pc\desktop\jusin_project\drakengard3_project_git\client\default\x64\debug\client.tlog\fxc.command.1.tlog
c:\users\pc\desktop\jusin_project\drakengard3_project_git\client\default\x64\debug\client.tlog\fxc.read.1.tlog
c:\users\pc\desktop\jusin_project\drakengard3_project_git\client\default\x64\debug\client.tlog\fxc.write.1.tlog
c:\users\pc\desktop\jusin_project\drakengard3_project_git\client\default\x64\debug\client.tlog\link.command.1.tlog
c:\users\pc\desktop\jusin_project\drakengard3_project_git\client\default\x64\debug\client.tlog\link.read.1.tlog
c:\users\pc\desktop\jusin_project\drakengard3_project_git\client\default\x64\debug\client.tlog\link.write.1.tlog
c:\users\pc\desktop\jusin_project\drakengard3_project_git\client\default\x64\debug\client.tlog\rc.command.1.tlog
c:\users\pc\desktop\jusin_project\drakengard3_project_git\client\default\x64\debug\client.tlog\rc.read.1.tlog
c:\users\pc\desktop\jusin_project\drakengard3_project_git\client\default\x64\debug\client.tlog\rc.write.1.tlog
