  Engine.vcxproj -> E:\DrakenGard3_Project_Git\Engine\Bin\Debug\x64\Engine.dll
  E:\DrakenGard3_Project_Git\Engine\Public\Base.h
  E:\DrakenGard3_Project_Git\Engine\Public\BehaviorTree.h
  E:\DrakenGard3_Project_Git\Engine\Public\Camera.h
  E:\DrakenGard3_Project_Git\Engine\Public\Component.h
  E:\DrakenGard3_Project_Git\Engine\Public\Component_Manager.h
  E:\DrakenGard3_Project_Git\Engine\Public\Engine_Defines.h
  E:\DrakenGard3_Project_Git\Engine\Public\Engine_Function.h
  E:\DrakenGard3_Project_Git\Engine\Public\Engine_Macro.h
  E:\DrakenGard3_Project_Git\Engine\Public\Engine_Struct.h
  E:\DrakenGard3_Project_Git\Engine\Public\Engine_Typedef.h
  E:\DrakenGard3_Project_Git\Engine\Public\GameInstance.h
  E:\DrakenGard3_Project_Git\Engine\Public\GameObject.h
  E:\DrakenGard3_Project_Git\Engine\Public\Graphic_Device.h
  E:\DrakenGard3_Project_Git\Engine\Public\Input_Device.h
  E:\DrakenGard3_Project_Git\Engine\Public\Layer.h
  E:\DrakenGard3_Project_Git\Engine\Public\Level.h
  E:\DrakenGard3_Project_Git\Engine\Public\Level_Manager.h
  E:\DrakenGard3_Project_Git\Engine\Public\Object_Manager.h
  E:\DrakenGard3_Project_Git\Engine\Public\PipeLine.h
  E:\DrakenGard3_Project_Git\Engine\Public\Renderer.h
  E:\DrakenGard3_Project_Git\Engine\Public\Shader.h
  E:\DrakenGard3_Project_Git\Engine\Public\Texture.h
  E:\DrakenGard3_Project_Git\Engine\Public\Timer.h
  E:\DrakenGard3_Project_Git\Engine\Public\Timer_Manager.h
  E:\DrakenGard3_Project_Git\Engine\Public\Transform.h
  E:\DrakenGard3_Project_Git\Engine\Public\VIBuffer.h
  E:\DrakenGard3_Project_Git\Engine\Public\VIBuffer_Rect.h
  E:\DrakenGard3_Project_Git\Engine\Public\VIBuffer_Terrain.h
  E:\DrakenGard3_Project_Git\Engine\Public\BrainTree\BrainTree.h
  E:\DrakenGard3_Project_Git\Engine\Public\BrainTree\LICENSE
  E:\DrakenGard3_Project_Git\Engine\Public\BrainTree\README.md
  E:\DrakenGard3_Project_Git\Engine\Public\BrainTree\example\Example01_Simple.cpp
  E:\DrakenGard3_Project_Git\Engine\Public\BrainTree\example\Example02_Simple.cpp
  E:\DrakenGard3_Project_Git\Engine\Public\DirectXTK\Audio.h
  E:\DrakenGard3_Project_Git\Engine\Public\DirectXTK\CommonStates.h
  E:\DrakenGard3_Project_Git\Engine\Public\DirectXTK\DDSTextureLoader.h
  E:\DrakenGard3_Project_Git\Engine\Public\DirectXTK\DirectXHelpers.h
  E:\DrakenGard3_Project_Git\Engine\Public\DirectXTK\Effects.h
  E:\DrakenGard3_Project_Git\Engine\Public\DirectXTK\GamePad.h
  E:\DrakenGard3_Project_Git\Engine\Public\DirectXTK\GeometricPrimitive.h
  E:\DrakenGard3_Project_Git\Engine\Public\DirectXTK\GraphicsMemory.h
  E:\DrakenGard3_Project_Git\Engine\Public\DirectXTK\Keyboard.h
  E:\DrakenGard3_Project_Git\Engine\Public\DirectXTK\Model.h
  E:\DrakenGard3_Project_Git\Engine\Public\DirectXTK\Mouse.h
  E:\DrakenGard3_Project_Git\Engine\Public\DirectXTK\PostProcess.h
  E:\DrakenGard3_Project_Git\Engine\Public\DirectXTK\PrimitiveBatch.h
  E:\DrakenGard3_Project_Git\Engine\Public\DirectXTK\ScreenGrab.h
  E:\DrakenGard3_Project_Git\Engine\Public\DirectXTK\SimpleMath.h
  E:\DrakenGard3_Project_Git\Engine\Public\DirectXTK\SimpleMath.inl
  E:\DrakenGard3_Project_Git\Engine\Public\DirectXTK\SpriteBatch.h
  E:\DrakenGard3_Project_Git\Engine\Public\DirectXTK\SpriteFont.h
  E:\DrakenGard3_Project_Git\Engine\Public\DirectXTK\VertexTypes.h
  E:\DrakenGard3_Project_Git\Engine\Public\DirectXTK\WICTextureLoader.h
  E:\DrakenGard3_Project_Git\Engine\Public\DirectXTK\XboxDDSTextureLoader.h
  E:\DrakenGard3_Project_Git\Engine\Public\Effects11\d3dx11effect.h
  E:\DrakenGard3_Project_Git\Engine\Public\Effects11\d3dxGlobal.h
  E:\DrakenGard3_Project_Git\Engine\Public\rapidjson\allocators.h
  E:\DrakenGard3_Project_Git\Engine\Public\rapidjson\cursorstreamwrapper.h
  E:\DrakenGard3_Project_Git\Engine\Public\rapidjson\document.h
  E:\DrakenGard3_Project_Git\Engine\Public\rapidjson\encodedstream.h
  E:\DrakenGard3_Project_Git\Engine\Public\rapidjson\encodings.h
  E:\DrakenGard3_Project_Git\Engine\Public\rapidjson\filereadstream.h
  E:\DrakenGard3_Project_Git\Engine\Public\rapidjson\filewritestream.h
  E:\DrakenGard3_Project_Git\Engine\Public\rapidjson\fwd.h
  E:\DrakenGard3_Project_Git\Engine\Public\rapidjson\istreamwrapper.h
  E:\DrakenGard3_Project_Git\Engine\Public\rapidjson\memorybuffer.h
  E:\DrakenGard3_Project_Git\Engine\Public\rapidjson\memorystream.h
  E:\DrakenGard3_Project_Git\Engine\Public\rapidjson\ostreamwrapper.h
  E:\DrakenGard3_Project_Git\Engine\Public\rapidjson\pointer.h
  E:\DrakenGard3_Project_Git\Engine\Public\rapidjson\prettywriter.h
  E:\DrakenGard3_Project_Git\Engine\Public\rapidjson\rapidjson.h
  E:\DrakenGard3_Project_Git\Engine\Public\rapidjson\reader.h
  E:\DrakenGard3_Project_Git\Engine\Public\rapidjson\schema.h
  E:\DrakenGard3_Project_Git\Engine\Public\rapidjson\stream.h
  E:\DrakenGard3_Project_Git\Engine\Public\rapidjson\stringbuffer.h
  E:\DrakenGard3_Project_Git\Engine\Public\rapidjson\uri.h
  E:\DrakenGard3_Project_Git\Engine\Public\rapidjson\writer.h
  E:\DrakenGard3_Project_Git\Engine\Public\rapidjson\error\en.h
  E:\DrakenGard3_Project_Git\Engine\Public\rapidjson\error\error.h
  E:\DrakenGard3_Project_Git\Engine\Public\rapidjson\internal\biginteger.h
  E:\DrakenGard3_Project_Git\Engine\Public\rapidjson\internal\clzll.h
  E:\DrakenGard3_Project_Git\Engine\Public\rapidjson\internal\diyfp.h
  E:\DrakenGard3_Project_Git\Engine\Public\rapidjson\internal\dtoa.h
  E:\DrakenGard3_Project_Git\Engine\Public\rapidjson\internal\ieee754.h
  E:\DrakenGard3_Project_Git\Engine\Public\rapidjson\internal\itoa.h
  E:\DrakenGard3_Project_Git\Engine\Public\rapidjson\internal\meta.h
  E:\DrakenGard3_Project_Git\Engine\Public\rapidjson\internal\pow10.h
  E:\DrakenGard3_Project_Git\Engine\Public\rapidjson\internal\regex.h
  E:\DrakenGard3_Project_Git\Engine\Public\rapidjson\internal\stack.h
  E:\DrakenGard3_Project_Git\Engine\Public\rapidjson\internal\strfunc.h
  E:\DrakenGard3_Project_Git\Engine\Public\rapidjson\internal\strtod.h
  E:\DrakenGard3_Project_Git\Engine\Public\rapidjson\internal\swap.h
  E:\DrakenGard3_Project_Git\Engine\Public\rapidjson\msinttypes\inttypes.h
  E:\DrakenGard3_Project_Git\Engine\Public\rapidjson\msinttypes\stdint.h
  94개 파일이 복사되었습니다.
  ..\Bin\Debug\x64\Engine.lib
  1개 파일이 복사되었습니다.
  ..\Bin\Debug\x64\Engine.dll
  1개 파일이 복사되었습니다.
