e:\drakengard3_project_git\client\bin\intermediate\release\x64\client.pch
e:\drakengard3_project_git\client\bin\intermediate\release\x64\vc142.pdb
e:\drakengard3_project_git\client\bin\intermediate\release\x64\stdafx.obj
e:\drakengard3_project_git\client\bin\intermediate\release\x64\unity_n2b69drr2s7ct5tj.obj
e:\drakengard3_project_git\client\bin\release\x64\client.exe
e:\drakengard3_project_git\client\bin\intermediate\release\x64\client.ipdb
e:\drakengard3_project_git\client\bin\intermediate\release\x64\client.iobj
e:\drakengard3_project_git\client\bin\release\x64\client.pdb
e:\drakengard3_project_git\client\bin\intermediate\release\x64\client.res
e:\drakengard3_project_git\client\bin\intermediate\release\x64\unity_vtouheccn8lywhti.obj
e:\drakengard3_project_git\client\bin\intermediate\release\x64\client.tlog\cl.command.1.tlog
e:\drakengard3_project_git\client\bin\intermediate\release\x64\client.tlog\cl.read.1.tlog
e:\drakengard3_project_git\client\bin\intermediate\release\x64\client.tlog\cl.write.1.tlog
e:\drakengard3_project_git\client\bin\intermediate\release\x64\client.tlog\fxc.command.1.tlog
e:\drakengard3_project_git\client\bin\intermediate\release\x64\client.tlog\link.command.1.tlog
e:\drakengard3_project_git\client\bin\intermediate\release\x64\client.tlog\link.read.1.tlog
e:\drakengard3_project_git\client\bin\intermediate\release\x64\client.tlog\link.write.1.tlog
e:\drakengard3_project_git\client\bin\intermediate\release\x64\client.tlog\rc.command.1.tlog
e:\drakengard3_project_git\client\bin\intermediate\release\x64\client.tlog\rc.read.1.tlog
e:\drakengard3_project_git\client\bin\intermediate\release\x64\client.tlog\rc.write.1.tlog
