c:\users\pc\desktop\jusin_project\drakengard3_project_git\client\default\x64\release\release\client.pch
c:\users\pc\desktop\jusin_project\drakengard3_project_git\client\default\x64\release\release\vc142.pdb
c:\users\pc\desktop\jusin_project\drakengard3_project_git\client\default\x64\release\release\stdafx.obj
c:\users\pc\desktop\jusin_project\drakengard3_project_git\client\default\x64\release\release\client.obj
c:\users\pc\desktop\jusin_project\drakengard3_project_git\client\default\x64\release\release\mainapp.obj
c:\users\pc\desktop\jusin_project\drakengard3_project_git\client\default\x64\release\release\loader.obj
c:\users\pc\desktop\jusin_project\drakengard3_project_git\client\default\x64\release\release\level_logo.obj
c:\users\pc\desktop\jusin_project\drakengard3_project_git\client\default\x64\release\release\level_loading.obj
c:\users\pc\desktop\jusin_project\drakengard3_project_git\client\default\x64\release\release\level_gameplay.obj
c:\users\pc\desktop\jusin_project\drakengard3_project_git\client\default\x64\release\release\background.obj
c:\users\pc\desktop\jusin_project\drakengard3_project_git\client\bin\shader_vtxpostex.cso
c:\users\pc\desktop\jusin_project\drakengard3_project_git\client\bin\client.exe
c:\users\pc\desktop\jusin_project\drakengard3_project_git\client\default\x64\release\release\client.ipdb
c:\users\pc\desktop\jusin_project\drakengard3_project_git\client\default\x64\release\release\client.iobj
c:\users\pc\desktop\jusin_project\drakengard3_project_git\client\bin\client.pdb
c:\users\pc\desktop\jusin_project\drakengard3_project_git\client\default\x64\release\release\client.res
c:\users\pc\desktop\jusin_project\drakengard3_project_git\client\default\x64\release\release\client.tlog\cl.command.1.tlog
c:\users\pc\desktop\jusin_project\drakengard3_project_git\client\default\x64\release\release\client.tlog\cl.read.1.tlog
c:\users\pc\desktop\jusin_project\drakengard3_project_git\client\default\x64\release\release\client.tlog\cl.write.1.tlog
c:\users\pc\desktop\jusin_project\drakengard3_project_git\client\default\x64\release\release\client.tlog\fxc.command.1.tlog
c:\users\pc\desktop\jusin_project\drakengard3_project_git\client\default\x64\release\release\client.tlog\fxc.read.1.tlog
c:\users\pc\desktop\jusin_project\drakengard3_project_git\client\default\x64\release\release\client.tlog\fxc.write.1.tlog
c:\users\pc\desktop\jusin_project\drakengard3_project_git\client\default\x64\release\release\client.tlog\link.command.1.tlog
c:\users\pc\desktop\jusin_project\drakengard3_project_git\client\default\x64\release\release\client.tlog\link.read.1.tlog
c:\users\pc\desktop\jusin_project\drakengard3_project_git\client\default\x64\release\release\client.tlog\link.write.1.tlog
c:\users\pc\desktop\jusin_project\drakengard3_project_git\client\default\x64\release\release\client.tlog\rc.command.1.tlog
c:\users\pc\desktop\jusin_project\drakengard3_project_git\client\default\x64\release\release\client.tlog\rc.read.1.tlog
c:\users\pc\desktop\jusin_project\drakengard3_project_git\client\default\x64\release\release\client.tlog\rc.write.1.tlog
