c:\users\pc\desktop\jusin_project\drakengard3_project_git\engine\bin\intermediate\release\x64\vc142.pdb
c:\users\pc\desktop\jusin_project\drakengard3_project_git\engine\bin\intermediate\release\x64\unity_w3n931cvs73ptww0.obj
e:\drakengard3_project_git\engine\bin\intermediate\release\x64\vc142.pdb
e:\drakengard3_project_git\engine\bin\intermediate\release\x64\unity_834xgyd433wfr5s8.obj
c:\users\pc\desktop\jusin_project\drakengard3_project_git\engine\bin\engine.lib
c:\users\pc\desktop\jusin_project\drakengard3_project_git\engine\bin\engine.exp
c:\users\pc\desktop\jusin_project\drakengard3_project_git\engine\bin\release\x64\engine.lib
c:\users\pc\desktop\jusin_project\drakengard3_project_git\engine\bin\release\x64\engine.exp
c:\users\pc\desktop\jusin_project\drakengard3_project_git\engine\bin\release\x64\engine.dll
c:\users\pc\desktop\jusin_project\drakengard3_project_git\engine\bin\intermediate\release\x64\engine.iobj
c:\users\pc\desktop\jusin_project\drakengard3_project_git\engine\bin\release\x64\engine.pdb
e:\drakengard3_project_git\engine\bin\intermediate\release\x64\unity_w3n931cvs73ptww0.obj
e:\drakengard3_project_git\engine\bin\intermediate\release\x64\engine.ipdb
e:\drakengard3_project_git\engine\bin\intermediate\release\x64\engine.iobj
e:\drakengard3_project_git\engine\bin\intermediate\release\x64\engine.tlog\cl.command.1.tlog
e:\drakengard3_project_git\engine\bin\intermediate\release\x64\engine.tlog\cl.read.1.tlog
e:\drakengard3_project_git\engine\bin\intermediate\release\x64\engine.tlog\cl.write.1.tlog
e:\drakengard3_project_git\engine\bin\intermediate\release\x64\engine.tlog\engine.write.1u.tlog
e:\drakengard3_project_git\engine\bin\intermediate\release\x64\engine.tlog\link.command.1.tlog
e:\drakengard3_project_git\engine\bin\intermediate\release\x64\engine.tlog\link.delete.1.tlog
e:\drakengard3_project_git\engine\bin\intermediate\release\x64\engine.tlog\link.read.1.tlog
e:\drakengard3_project_git\engine\bin\intermediate\release\x64\engine.tlog\link.write.1.tlog
