c:\users\pc\desktop\jusin_project\drakengard3_project_git\engine\default\x64\debug\vc142.pdb
c:\users\pc\desktop\jusin_project\drakengard3_project_git\engine\default\x64\debug\vc142.idb
c:\users\pc\desktop\jusin_project\drakengard3_project_git\engine\default\x64\debug\unity_of4i0iloimmin5yi.obj
c:\users\pc\desktop\jusin_project\drakengard3_project_git\engine\bin\engine.lib
c:\users\pc\desktop\jusin_project\drakengard3_project_git\engine\bin\engine.exp
c:\users\pc\desktop\jusin_project\drakengard3_project_git\engine\bin\engine.dll
c:\users\pc\desktop\jusin_project\drakengard3_project_git\engine\default\x64\debug\engine.ilk
c:\users\pc\desktop\jusin_project\drakengard3_project_git\engine\bin\engine.pdb
c:\users\pc\desktop\jusin_project\drakengard3_project_git\engine\default\x64\debug\engine.tlog\cl.command.1.tlog
c:\users\pc\desktop\jusin_project\drakengard3_project_git\engine\default\x64\debug\engine.tlog\cl.read.1.tlog
c:\users\pc\desktop\jusin_project\drakengard3_project_git\engine\default\x64\debug\engine.tlog\cl.write.1.tlog
c:\users\pc\desktop\jusin_project\drakengard3_project_git\engine\default\x64\debug\engine.tlog\engine.write.1u.tlog
c:\users\pc\desktop\jusin_project\drakengard3_project_git\engine\default\x64\debug\engine.tlog\link.11152.delete.1.tlog
c:\users\pc\desktop\jusin_project\drakengard3_project_git\engine\default\x64\debug\engine.tlog\link.13772.delete.1.tlog
c:\users\pc\desktop\jusin_project\drakengard3_project_git\engine\default\x64\debug\engine.tlog\link.15392.delete.1.tlog
c:\users\pc\desktop\jusin_project\drakengard3_project_git\engine\default\x64\debug\engine.tlog\link.15744.delete.1.tlog
c:\users\pc\desktop\jusin_project\drakengard3_project_git\engine\default\x64\debug\engine.tlog\link.19672.delete.1.tlog
c:\users\pc\desktop\jusin_project\drakengard3_project_git\engine\default\x64\debug\engine.tlog\link.20416.delete.1.tlog
c:\users\pc\desktop\jusin_project\drakengard3_project_git\engine\default\x64\debug\engine.tlog\link.21452.delete.1.tlog
c:\users\pc\desktop\jusin_project\drakengard3_project_git\engine\default\x64\debug\engine.tlog\link.21732.delete.1.tlog
c:\users\pc\desktop\jusin_project\drakengard3_project_git\engine\default\x64\debug\engine.tlog\link.28248.delete.1.tlog
c:\users\pc\desktop\jusin_project\drakengard3_project_git\engine\default\x64\debug\engine.tlog\link.28480.delete.1.tlog
c:\users\pc\desktop\jusin_project\drakengard3_project_git\engine\default\x64\debug\engine.tlog\link.30376.delete.1.tlog
c:\users\pc\desktop\jusin_project\drakengard3_project_git\engine\default\x64\debug\engine.tlog\link.9812.delete.1.tlog
c:\users\pc\desktop\jusin_project\drakengard3_project_git\engine\default\x64\debug\engine.tlog\link.command.1.tlog
c:\users\pc\desktop\jusin_project\drakengard3_project_git\engine\default\x64\debug\engine.tlog\link.delete.1.tlog
c:\users\pc\desktop\jusin_project\drakengard3_project_git\engine\default\x64\debug\engine.tlog\link.read.1.tlog
c:\users\pc\desktop\jusin_project\drakengard3_project_git\engine\default\x64\debug\engine.tlog\link.write.1.tlog
